[INFO] Scanning for projects...
[INFO]                                                                         
[INFO] ------------------------------------------------------------------------
[INFO] Building catalog 0.0.1-SNAPSHOT
[INFO] ------------------------------------------------------------------------
[WARNING] The artifact mysql:mysql-connector-java:jar:8.0.33 has been relocated to com.mysql:mysql-connector-j:jar:8.0.33
[INFO] 
[INFO] --- maven-clean-plugin:3.2.0:clean (default-clean) @ catalog ---
[INFO] Deleting W:\sources\california\travel-booking-platform\catalog\target
[INFO] 
[INFO] --- maven-resources-plugin:3.3.1:resources (default-resources) @ catalog ---
[INFO] Copying 1 resource from src\main\resources to target\classes
[INFO] Copying 0 resource from src\main\resources to target\classes
[INFO] 
[INFO] --- maven-compiler-plugin:3.11.0:compile (default-compile) @ catalog ---
[INFO] Changes detected - recompiling the module! :source
[INFO] Compiling 31 source files with javac [debug release 11] to target\classes
[INFO] -------------------------------------------------------------
[ERROR] COMPILATION ERROR : 
[INFO] -------------------------------------------------------------
[ERROR] /W:/sources/california/travel-booking-platform/catalog/src/main/java/com/losolved/catalog/dto/filter/InDateBetweenAndRoute.java:[7,8] class, interface, or enum expected
[ERROR] /W:/sources/california/travel-booking-platform/catalog/src/main/java/com/losolved/catalog/dto/filter/InLocationAndPriceBetween.java:[8,8] class, interface, or enum expected
[INFO] 2 errors 
[INFO] -------------------------------------------------------------
[INFO] ------------------------------------------------------------------------
[INFO] BUILD FAILURE
[INFO] ------------------------------------------------------------------------
[INFO] Total time: 11.842 s
[INFO] Finished at: 2024-04-10T10:17:06-03:00
[INFO] Final Memory: 21M/77M
[INFO] ------------------------------------------------------------------------
[ERROR] Failed to execute goal org.apache.maven.plugins:maven-compiler-plugin:3.11.0:compile (default-compile) on project catalog: Compilation failure: Compilation failure:
[ERROR] /W:/sources/california/travel-booking-platform/catalog/src/main/java/com/losolved/catalog/dto/filter/InDateBetweenAndRoute.java:[7,8] class, interface, or enum expected
[ERROR] /W:/sources/california/travel-booking-platform/catalog/src/main/java/com/losolved/catalog/dto/filter/InLocationAndPriceBetween.java:[8,8] class, interface, or enum expected
[ERROR] -> [Help 1]
[ERROR] 
[ERROR] To see the full stack trace of the errors, re-run Maven with the -e switch.
[ERROR] Re-run Maven using the -X switch to enable full debug logging.
[ERROR] 
[ERROR] For more information about the errors and possible solutions, please read the following articles:
[ERROR] [Help 1] http://cwiki.apache.org/confluence/display/MAVEN/MojoFailureException
