08/08/2024 22:01:44 - Starting CatalogApplication using Java 17.0.8.1 with PID 85124 (D:\sources\california\travel-booking-platform\catalog\target\classes started by dsantana in D:\sources\california\travel-booking-platform\catalog)
08/08/2024 22:01:44 - The following 1 profile is active: "dev"
08/08/2024 22:01:44 - Fetching config from server at : http://localhost:8071/
08/08/2024 22:01:44 - Located environment: name=catalog, profiles=[default], label=null, version=5589e4d3fb3f7a4fee5c5d8304d45c903708378e, state=null
08/08/2024 22:01:44 - Fetching config from server at : http://localhost:8071/
08/08/2024 22:01:44 - Located environment: name=catalog, profiles=[dev], label=null, version=5589e4d3fb3f7a4fee5c5d8304d45c903708378e, state=null
08/08/2024 22:01:44 - Devtools property defaults active! Set 'spring.devtools.add-properties' to 'false' to disable
08/08/2024 22:01:44 - For additional web related logging consider setting the 'logging.level.web' property to 'DEBUG'
08/08/2024 22:01:49 - Bootstrapping Spring Data JPA repositories in DEFAULT mode.
08/08/2024 22:01:50 - Finished Spring Data repository scanning in 562 ms. Found 5 JPA repository interfaces.
08/08/2024 22:01:51 - No bean named 'errorChannel' has been explicitly defined. Therefore, a default PublishSubscribeChannel will be created.
08/08/2024 22:01:51 - No bean named 'integrationHeaderChannelRegistry' has been explicitly defined. Therefore, a default DefaultHeaderChannelRegistry will be created.
08/08/2024 22:01:51 - BeanFactory id=4d5f348c-5fec-3275-8fa2-09c9e1dce4bd
08/08/2024 22:01:52 - Bean 'org.springframework.cloud.client.loadbalancer.LoadBalancerAutoConfiguration$DeferringLoadBalancerInterceptorConfig' of type [org.springframework.cloud.client.loadbalancer.LoadBalancerAutoConfiguration$DeferringLoadBalancerInterceptorConfig] is not eligible for getting processed by all BeanPostProcessors (for example: not eligible for auto-proxying). The currently created BeanPostProcessor [lbRestClientPostProcessor] is declared through a non-static factory method on that class; consider declaring it as static instead.
08/08/2024 22:01:52 - Bean 'deferringLoadBalancerInterceptor' of type [org.springframework.cloud.client.loadbalancer.DeferringLoadBalancerInterceptor] is not eligible for getting processed by all BeanPostProcessors (for example: not eligible for auto-proxying). Is this bean getting eagerly injected into a currently created BeanPostProcessor [lbRestClientPostProcessor]? Check the corresponding BeanPostProcessor declaration and its dependencies.
08/08/2024 22:01:52 - Bean 'org.springframework.cloud.client.loadbalancer.reactive.LoadBalancerBeanPostProcessorAutoConfiguration' of type [org.springframework.cloud.client.loadbalancer.reactive.LoadBalancerBeanPostProcessorAutoConfiguration] is not eligible for getting processed by all BeanPostProcessors (for example: not eligible for auto-proxying). The currently created BeanPostProcessor [loadBalancerWebClientBuilderBeanPostProcessor] is declared through a non-static factory method on that class; consider declaring it as static instead.
08/08/2024 22:01:52 - Bean 'org.springframework.cloud.client.loadbalancer.reactive.LoadBalancerBeanPostProcessorAutoConfiguration$ReactorDeferringLoadBalancerFilterConfig' of type [org.springframework.cloud.client.loadbalancer.reactive.LoadBalancerBeanPostProcessorAutoConfiguration$ReactorDeferringLoadBalancerFilterConfig] is not eligible for getting processed by all BeanPostProcessors (for example: not eligible for auto-proxying). Is this bean getting eagerly injected into a currently created BeanPostProcessor [loadBalancerWebClientBuilderBeanPostProcessor]? Check the corresponding BeanPostProcessor declaration and its dependencies.
08/08/2024 22:01:52 - Bean 'reactorDeferringLoadBalancerExchangeFilterFunction' of type [org.springframework.cloud.client.loadbalancer.reactive.DeferringLoadBalancerExchangeFilterFunction] is not eligible for getting processed by all BeanPostProcessors (for example: not eligible for auto-proxying). Is this bean getting eagerly injected into a currently created BeanPostProcessor [loadBalancerWebClientBuilderBeanPostProcessor]? Check the corresponding BeanPostProcessor declaration and its dependencies.
08/08/2024 22:01:54 - Tomcat initialized with port 8082 (http)
08/08/2024 22:01:54 - Starting service [Tomcat]
08/08/2024 22:01:54 - Starting Servlet engine: [Apache Tomcat/10.1.19]
08/08/2024 22:01:54 - Initializing Spring embedded WebApplicationContext
08/08/2024 22:01:54 - Root WebApplicationContext: initialization completed in 9963 ms
08/08/2024 22:01:55 - Filter 'webMvcObservationFilter' configured for use
08/08/2024 22:01:55 - HHH000204: Processing PersistenceUnitInfo [name: default]
08/08/2024 22:01:56 - HHH000412: Hibernate ORM core version 6.4.4.Final
08/08/2024 22:01:56 - HHH000026: Second-level cache disabled
08/08/2024 22:01:57 - No LoadTimeWeaver setup: ignoring JPA class transformer
08/08/2024 22:02:01 - HHH000489: No JTA platform available (set 'hibernate.transaction.jta.platform' to enable JTA platform integration)
08/08/2024 22:02:02 - Initialized JPA EntityManagerFactory for persistence unit 'default'
08/08/2024 22:02:05 - spring.jpa.open-in-view is enabled by default. Therefore, database queries may be performed during view rendering. Explicitly configure spring.jpa.open-in-view to disable this warning
08/08/2024 22:02:06 - 16 mappings in 'requestMappingHandlerMapping'
08/08/2024 22:02:06 - Patterns [/webjars/**, /**, /swagger-ui*/*swagger-initializer.js, /swagger-ui*/**] in 'resourceHandlerMapping'
08/08/2024 22:02:06 - ControllerAdvice beans: 0 @ModelAttribute, 0 @InitBinder, 1 RequestBodyAdvice, 1 ResponseBodyAdvice
08/08/2024 22:02:07 - ControllerAdvice beans: 2 @ExceptionHandler, 1 ResponseBodyAdvice
08/08/2024 22:02:14 - Channel 'catalog.springCloudBusInput' has 1 subscriber(s).
08/08/2024 22:02:15 - Unable to start LiveReload server
08/08/2024 22:02:16 - Eureka HTTP Client uses RestTemplate.
08/08/2024 22:02:17 - Spring Cloud LoadBalancer is currently working with the default cache. While this cache implementation is useful for development and tests, it's recommended to use Caffeine cache in production.You can switch to using Caffeine cache, by adding it and org.springframework.cache.caffeine.CaffeineCacheManager to the classpath.
08/08/2024 22:02:17 - Exposing 23 endpoint(s) beneath base path '/actuator'
08/08/2024 22:02:17 - Adding {logging-channel-adapter:_org.springframework.integration.errorLogger} as a subscriber to the 'errorChannel' channel
08/08/2024 22:02:17 - Channel 'catalog.errorChannel' has 1 subscriber(s).
08/08/2024 22:02:17 - started bean '_org.springframework.integration.errorLogger'
08/08/2024 22:02:17 - Setting initial instance status as: STARTING
08/08/2024 22:02:18 - Initializing Eureka in region us-east-1
08/08/2024 22:02:18 - Resolving eureka endpoints via configuration
08/08/2024 22:02:18 - Disable delta property : false
08/08/2024 22:02:18 - Single vip registry refresh property : null
08/08/2024 22:02:18 - Force full registry fetch : false
08/08/2024 22:02:18 - Application is null : false
08/08/2024 22:02:18 - Registered Applications size is zero : true
08/08/2024 22:02:18 - Application version is -1: true
08/08/2024 22:02:18 - Getting all instance registry info from the eureka server
08/08/2024 22:02:18 - HTTP GET http://localhost:8070/eureka/apps/
08/08/2024 22:02:19 - Accept=[application/json, application/*+json]
08/08/2024 22:02:19 - Response 200 OK
08/08/2024 22:02:19 - Reading to [org.springframework.cloud.netflix.eureka.http.EurekaApplications]
08/08/2024 22:02:19 - The response status is 200
08/08/2024 22:02:19 - Starting heartbeat executor: renew interval is: 30
08/08/2024 22:02:19 - InstanceInfoReplicator onDemand update allowed rate per min is 4
08/08/2024 22:02:19 - Discovery Client initialized at timestamp 1723165339407 with initial instances count: 2
08/08/2024 22:02:19 - Registering application CATALOG with eureka with status UP
08/08/2024 22:02:19 - Saw local status change event StatusChangeEvent [timestamp=1723165339427, current=UP, previous=STARTING]
08/08/2024 22:02:19 - DiscoveryClient_CATALOG/LTAK285336.mercador.local:catalog:8082: registering service...
08/08/2024 22:02:19 - HTTP POST http://localhost:8070/eureka/apps/CATALOG
08/08/2024 22:02:19 - Accept=[application/json, application/*+json]
08/08/2024 22:02:19 - Writing [InstanceInfo [instanceId = LTAK285336.mercador.local:catalog:8082, appName = CATALOG, hostName = 192.168.0.9, status = UP, ipAddr = 192.168.0.9, port = 8082, securePort = 443, dataCenterInfo = com.netflix.appinfo.MyDataCenterInfo@37279d4] as "application/json"
08/08/2024 22:02:19 - Tomcat started on port 8082 (http) with context path ''
08/08/2024 22:02:19 - Updating port to 8082
08/08/2024 22:02:19 - Response 204 NO_CONTENT
08/08/2024 22:02:19 - DiscoveryClient_CATALOG/LTAK285336.mercador.local:catalog:8082 - registration status: 204
08/08/2024 22:02:21 - Creating binder: rabbit
08/08/2024 22:02:21 - Constructing binder child context for rabbit
08/08/2024 22:02:21 - Caching the binder: rabbit
08/08/2024 22:02:22 - declaring queue for inbound: springCloudBus.anonymous.RtD1JFJMTMahSaDyneLeng, bound to: springCloudBus
08/08/2024 22:02:22 - Attempting to connect to: [localhost:5672]
08/08/2024 22:02:22 - Created new connection: rabbitConnectionFactory#76241735:0/SimpleConnection@1a25e0cd [delegate=amqp://guest@127.0.0.1:5672/, localPort=56397]
08/08/2024 22:02:22 - Channel 'rabbit-1895566101.springCloudBusInput.errors' has 1 subscriber(s).
08/08/2024 22:02:22 - Channel 'rabbit-1895566101.springCloudBusInput.errors' has 2 subscriber(s).
08/08/2024 22:02:22 - started bean 'inbound.springCloudBus.anonymous.RtD1JFJMTMahSaDyneLeng'
08/08/2024 22:02:22 - Started CatalogApplication in 43.448 seconds (process running for 45.393)
08/08/2024 22:02:49 - HTTP GET http://localhost:8070/eureka/apps/delta
08/08/2024 22:02:49 - Accept=[application/json, application/*+json]
08/08/2024 22:02:49 - HTTP PUT http://localhost:8070/eureka/apps/CATALOG/LTAK285336.mercador.local:catalog:8082?status=UP&lastDirtyTimestamp=1723165339426
08/08/2024 22:02:49 - Accept=[application/json, application/*+json]
08/08/2024 22:02:49 - Response 200 OK
08/08/2024 22:02:49 - Reading to [org.springframework.cloud.netflix.eureka.http.EurekaApplications]
08/08/2024 22:02:49 - Response 200 OK
08/08/2024 22:03:19 - HTTP PUT http://localhost:8070/eureka/apps/CATALOG/LTAK285336.mercador.local:catalog:8082?status=UP&lastDirtyTimestamp=1723165339426
08/08/2024 22:03:19 - HTTP GET http://localhost:8070/eureka/apps/delta
08/08/2024 22:03:19 - Accept=[application/json, application/*+json]
08/08/2024 22:03:19 - Accept=[application/json, application/*+json]
08/08/2024 22:03:19 - Response 200 OK
08/08/2024 22:03:19 - Response 200 OK
08/08/2024 22:03:19 - Reading to [org.springframework.cloud.netflix.eureka.http.EurekaApplications]
08/08/2024 22:03:49 - HTTP PUT http://localhost:8070/eureka/apps/CATALOG/LTAK285336.mercador.local:catalog:8082?status=UP&lastDirtyTimestamp=1723165339426
08/08/2024 22:03:49 - HTTP GET http://localhost:8070/eureka/apps/delta
08/08/2024 22:03:49 - Accept=[application/json, application/*+json]
08/08/2024 22:03:49 - Accept=[application/json, application/*+json]
08/08/2024 22:03:49 - Response 200 OK
08/08/2024 22:03:49 - Response 200 OK
08/08/2024 22:03:49 - Reading to [org.springframework.cloud.netflix.eureka.http.EurekaApplications]
08/08/2024 22:04:08 - Initializing Spring DispatcherServlet 'dispatcherServlet'
08/08/2024 22:04:08 - Initializing Servlet 'dispatcherServlet'
08/08/2024 22:04:08 - Detected StandardServletMultipartResolver
08/08/2024 22:04:08 - Detected AcceptHeaderLocaleResolver
08/08/2024 22:04:08 - Detected FixedThemeResolver
08/08/2024 22:04:08 - Detected org.springframework.web.servlet.view.DefaultRequestToViewNameTranslator@30821936
08/08/2024 22:04:08 - Detected org.springframework.web.servlet.support.SessionFlashMapManager@665a479f
08/08/2024 22:04:08 - enableLoggingRequestDetails='false': request parameters and headers will be masked to prevent unsafe logging of potentially sensitive data
08/08/2024 22:04:08 - Completed initialization in 9 ms
08/08/2024 22:04:08 - GET "/swagger-ui/index.html", parameters={}
08/08/2024 22:04:08 - Mapped to ResourceHttpRequestHandler [classpath [META-INF/resources/webjars/]]
08/08/2024 22:04:08 - Completed 200 OK
08/08/2024 22:04:09 - GET "/swagger-ui/swagger-ui.css", parameters={}
08/08/2024 22:04:09 - GET "/swagger-ui/index.css", parameters={}
08/08/2024 22:04:09 - Mapped to ResourceHttpRequestHandler [classpath [META-INF/resources/webjars/]]
08/08/2024 22:04:09 - Mapped to ResourceHttpRequestHandler [classpath [META-INF/resources/webjars/]]
08/08/2024 22:04:09 - GET "/swagger-ui/swagger-ui-standalone-preset.js", parameters={}
08/08/2024 22:04:09 - GET "/swagger-ui/swagger-ui-bundle.js", parameters={}
08/08/2024 22:04:09 - Mapped to ResourceHttpRequestHandler [classpath [META-INF/resources/webjars/]]
08/08/2024 22:04:09 - Mapped to ResourceHttpRequestHandler [classpath [META-INF/resources/webjars/]]
08/08/2024 22:04:09 - Completed 200 OK
08/08/2024 22:04:09 - Completed 200 OK
08/08/2024 22:04:09 - GET "/swagger-ui/swagger-initializer.js", parameters={}
08/08/2024 22:04:09 - Mapped to ResourceHttpRequestHandler [classpath [META-INF/resources/webjars/]]
08/08/2024 22:04:09 - Completed 200 OK
08/08/2024 22:04:09 - Completed 200 OK
08/08/2024 22:04:09 - Completed 200 OK
08/08/2024 22:04:09 - GET "/v3/api-docs/swagger-config", parameters={}
08/08/2024 22:04:09 - GET "/swagger-ui/favicon-32x32.png", parameters={}
08/08/2024 22:04:09 - Mapped to ResourceHttpRequestHandler [classpath [META-INF/resources/webjars/]]
08/08/2024 22:04:09 - Mapped to org.springdoc.webmvc.ui.SwaggerConfigResource#openapiJson(HttpServletRequest)
08/08/2024 22:04:09 - Completed 200 OK
08/08/2024 22:04:09 - Using 'application/json', given [*/*] and supported [application/json]
08/08/2024 22:04:09 - Writing [{configUrl=/v3/api-docs/swagger-config, oauth2RedirectUrl=http://localhost:8082/swagger-ui/oauth2-re (truncated)...]
08/08/2024 22:04:09 - Completed 200 OK
08/08/2024 22:04:09 - GET "/v3/api-docs", parameters={}
08/08/2024 22:04:09 - Mapped to org.springdoc.webmvc.api.OpenApiWebMvcResource#openapiJson(HttpServletRequest, String, Locale)
08/08/2024 22:04:11 - Init duration for springdoc-openapi is: 1816 ms
08/08/2024 22:04:11 - Using 'application/json', given [application/json, */*] and supported [application/json]
08/08/2024 22:04:11 - Writing [{123, 34, 111, 112, 101, 110, 97, 112, 105, 34, 58, 34, 51, 46, 48, 46, 49, 34, 44, 34, 105, 110, 10 (truncated)...]
08/08/2024 22:04:11 - Completed 200 OK
08/08/2024 22:04:19 - HTTP GET http://localhost:8070/eureka/apps/delta
08/08/2024 22:04:19 - HTTP PUT http://localhost:8070/eureka/apps/CATALOG/LTAK285336.mercador.local:catalog:8082?status=UP&lastDirtyTimestamp=1723165339426
08/08/2024 22:04:19 - Accept=[application/json, application/*+json]
08/08/2024 22:04:19 - Accept=[application/json, application/*+json]
08/08/2024 22:04:19 - Response 200 OK
08/08/2024 22:04:19 - Response 200 OK
08/08/2024 22:04:19 - Reading to [org.springframework.cloud.netflix.eureka.http.EurekaApplications]
08/08/2024 22:04:49 - HTTP GET http://localhost:8070/eureka/apps/delta
08/08/2024 22:04:49 - HTTP PUT http://localhost:8070/eureka/apps/CATALOG/LTAK285336.mercador.local:catalog:8082?status=UP&lastDirtyTimestamp=1723165339426
08/08/2024 22:04:49 - Accept=[application/json, application/*+json]
08/08/2024 22:04:49 - Accept=[application/json, application/*+json]
08/08/2024 22:04:49 - Response 200 OK
08/08/2024 22:04:49 - Response 200 OK
08/08/2024 22:04:49 - Reading to [org.springframework.cloud.netflix.eureka.http.EurekaApplications]
08/08/2024 22:05:19 - HTTP GET http://localhost:8070/eureka/apps/delta
08/08/2024 22:05:19 - HTTP PUT http://localhost:8070/eureka/apps/CATALOG/LTAK285336.mercador.local:catalog:8082?status=UP&lastDirtyTimestamp=1723165339426
08/08/2024 22:05:19 - Accept=[application/json, application/*+json]
08/08/2024 22:05:19 - Accept=[application/json, application/*+json]
08/08/2024 22:05:19 - Response 200 OK
08/08/2024 22:05:19 - Reading to [org.springframework.cloud.netflix.eureka.http.EurekaApplications]
08/08/2024 22:05:19 - Response 200 OK
08/08/2024 22:05:49 - HTTP GET http://localhost:8070/eureka/apps/delta
08/08/2024 22:05:49 - HTTP PUT http://localhost:8070/eureka/apps/CATALOG/LTAK285336.mercador.local:catalog:8082?status=UP&lastDirtyTimestamp=1723165339426
08/08/2024 22:05:49 - Accept=[application/json, application/*+json]
08/08/2024 22:05:49 - Accept=[application/json, application/*+json]
08/08/2024 22:05:49 - Response 200 OK
08/08/2024 22:05:49 - Response 200 OK
08/08/2024 22:05:49 - Reading to [org.springframework.cloud.netflix.eureka.http.EurekaApplications]
08/08/2024 22:06:19 - HTTP PUT http://localhost:8070/eureka/apps/CATALOG/LTAK285336.mercador.local:catalog:8082?status=UP&lastDirtyTimestamp=1723165339426
08/08/2024 22:06:19 - Accept=[application/json, application/*+json]
08/08/2024 22:06:19 - HTTP GET http://localhost:8070/eureka/apps/delta
08/08/2024 22:06:19 - Accept=[application/json, application/*+json]
08/08/2024 22:06:19 - Response 200 OK
08/08/2024 22:06:19 - Response 200 OK
08/08/2024 22:06:19 - Reading to [org.springframework.cloud.netflix.eureka.http.EurekaApplications]
08/08/2024 22:06:49 - HTTP PUT http://localhost:8070/eureka/apps/CATALOG/LTAK285336.mercador.local:catalog:8082?status=UP&lastDirtyTimestamp=1723165339426
08/08/2024 22:06:49 - Accept=[application/json, application/*+json]
08/08/2024 22:06:49 - HTTP GET http://localhost:8070/eureka/apps/delta
08/08/2024 22:06:49 - Accept=[application/json, application/*+json]
08/08/2024 22:06:49 - Response 200 OK
08/08/2024 22:06:49 - Response 200 OK
08/08/2024 22:06:49 - Reading to [org.springframework.cloud.netflix.eureka.http.EurekaApplications]
08/08/2024 22:07:18 - Resolving eureka endpoints via configuration
08/08/2024 22:07:19 - HTTP PUT http://localhost:8070/eureka/apps/CATALOG/LTAK285336.mercador.local:catalog:8082?status=UP&lastDirtyTimestamp=1723165339426
08/08/2024 22:07:19 - Accept=[application/json, application/*+json]
08/08/2024 22:07:19 - HTTP GET http://localhost:8070/eureka/apps/delta
08/08/2024 22:07:19 - Accept=[application/json, application/*+json]
08/08/2024 22:07:19 - Response 200 OK
08/08/2024 22:07:19 - Response 200 OK
08/08/2024 22:07:19 - Reading to [org.springframework.cloud.netflix.eureka.http.EurekaApplications]
08/08/2024 22:07:49 - HTTP PUT http://localhost:8070/eureka/apps/CATALOG/LTAK285336.mercador.local:catalog:8082?status=UP&lastDirtyTimestamp=1723165339426
08/08/2024 22:07:49 - Accept=[application/json, application/*+json]
08/08/2024 22:07:49 - Response 200 OK
08/08/2024 22:07:49 - HTTP GET http://localhost:8070/eureka/apps/delta
08/08/2024 22:07:49 - Accept=[application/json, application/*+json]
08/08/2024 22:07:49 - Response 200 OK
08/08/2024 22:07:49 - Reading to [org.springframework.cloud.netflix.eureka.http.EurekaApplications]
08/08/2024 22:08:19 - HTTP PUT http://localhost:8070/eureka/apps/CATALOG/LTAK285336.mercador.local:catalog:8082?status=UP&lastDirtyTimestamp=1723165339426
08/08/2024 22:08:19 - Accept=[application/json, application/*+json]
08/08/2024 22:08:19 - Response 200 OK
08/08/2024 22:08:19 - HTTP GET http://localhost:8070/eureka/apps/delta
08/08/2024 22:08:19 - Accept=[application/json, application/*+json]
08/08/2024 22:08:19 - Response 200 OK
08/08/2024 22:08:19 - Reading to [org.springframework.cloud.netflix.eureka.http.EurekaApplications]
08/08/2024 22:08:49 - HTTP PUT http://localhost:8070/eureka/apps/CATALOG/LTAK285336.mercador.local:catalog:8082?status=UP&lastDirtyTimestamp=1723165339426
08/08/2024 22:08:49 - Accept=[application/json, application/*+json]
08/08/2024 22:08:49 - HTTP GET http://localhost:8070/eureka/apps/delta
08/08/2024 22:08:49 - Accept=[application/json, application/*+json]
08/08/2024 22:08:49 - Response 200 OK
08/08/2024 22:08:49 - Response 200 OK
08/08/2024 22:08:49 - Reading to [org.springframework.cloud.netflix.eureka.http.EurekaApplications]
08/08/2024 22:09:19 - HTTP PUT http://localhost:8070/eureka/apps/CATALOG/LTAK285336.mercador.local:catalog:8082?status=UP&lastDirtyTimestamp=1723165339426
08/08/2024 22:09:19 - HTTP GET http://localhost:8070/eureka/apps/delta
08/08/2024 22:09:19 - Accept=[application/json, application/*+json]
08/08/2024 22:09:19 - Accept=[application/json, application/*+json]
08/08/2024 22:09:19 - Response 200 OK
08/08/2024 22:09:19 - Reading to [org.springframework.cloud.netflix.eureka.http.EurekaApplications]
08/08/2024 22:09:19 - Response 200 OK
08/08/2024 22:09:49 - HTTP GET http://localhost:8070/eureka/apps/delta
08/08/2024 22:09:49 - HTTP PUT http://localhost:8070/eureka/apps/CATALOG/LTAK285336.mercador.local:catalog:8082?status=UP&lastDirtyTimestamp=1723165339426
08/08/2024 22:09:49 - Accept=[application/json, application/*+json]
08/08/2024 22:09:49 - Accept=[application/json, application/*+json]
08/08/2024 22:09:49 - Response 200 OK
08/08/2024 22:09:49 - Response 200 OK
08/08/2024 22:09:49 - Reading to [org.springframework.cloud.netflix.eureka.http.EurekaApplications]
08/08/2024 22:10:19 - HTTP GET http://localhost:8070/eureka/apps/delta
08/08/2024 22:10:19 - HTTP PUT http://localhost:8070/eureka/apps/CATALOG/LTAK285336.mercador.local:catalog:8082?status=UP&lastDirtyTimestamp=1723165339426
08/08/2024 22:10:19 - Accept=[application/json, application/*+json]
08/08/2024 22:10:19 - Accept=[application/json, application/*+json]
08/08/2024 22:10:19 - Response 200 OK
08/08/2024 22:10:19 - Response 200 OK
08/08/2024 22:10:19 - Reading to [org.springframework.cloud.netflix.eureka.http.EurekaApplications]
08/08/2024 22:10:49 - HTTP GET http://localhost:8070/eureka/apps/delta
08/08/2024 22:10:49 - HTTP PUT http://localhost:8070/eureka/apps/CATALOG/LTAK285336.mercador.local:catalog:8082?status=UP&lastDirtyTimestamp=1723165339426
08/08/2024 22:10:49 - Accept=[application/json, application/*+json]
08/08/2024 22:10:49 - Accept=[application/json, application/*+json]
08/08/2024 22:10:49 - Response 200 OK
08/08/2024 22:10:49 - Response 200 OK
08/08/2024 22:10:49 - Reading to [org.springframework.cloud.netflix.eureka.http.EurekaApplications]
08/08/2024 22:11:19 - HTTP PUT http://localhost:8070/eureka/apps/CATALOG/LTAK285336.mercador.local:catalog:8082?status=UP&lastDirtyTimestamp=1723165339426
08/08/2024 22:11:19 - HTTP GET http://localhost:8070/eureka/apps/delta
08/08/2024 22:11:19 - Accept=[application/json, application/*+json]
08/08/2024 22:11:19 - Accept=[application/json, application/*+json]
08/08/2024 22:11:20 - Response 200 OK
08/08/2024 22:11:20 - Response 200 OK
08/08/2024 22:11:20 - Reading to [org.springframework.cloud.netflix.eureka.http.EurekaApplications]
08/08/2024 22:11:50 - HTTP GET http://localhost:8070/eureka/apps/delta
08/08/2024 22:11:50 - Accept=[application/json, application/*+json]
08/08/2024 22:11:50 - HTTP PUT http://localhost:8070/eureka/apps/CATALOG/LTAK285336.mercador.local:catalog:8082?status=UP&lastDirtyTimestamp=1723165339426
08/08/2024 22:11:50 - Accept=[application/json, application/*+json]
08/08/2024 22:11:50 - Response 200 OK
08/08/2024 22:11:50 - Response 200 OK
08/08/2024 22:11:50 - Reading to [org.springframework.cloud.netflix.eureka.http.EurekaApplications]
08/08/2024 22:12:18 - Resolving eureka endpoints via configuration
08/08/2024 22:12:20 - HTTP PUT http://localhost:8070/eureka/apps/CATALOG/LTAK285336.mercador.local:catalog:8082?status=UP&lastDirtyTimestamp=1723165339426
08/08/2024 22:12:20 - HTTP GET http://localhost:8070/eureka/apps/delta
08/08/2024 22:12:20 - Accept=[application/json, application/*+json]
08/08/2024 22:12:20 - Accept=[application/json, application/*+json]
08/08/2024 22:12:20 - Response 200 OK
08/08/2024 22:12:20 - Response 200 OK
08/08/2024 22:12:20 - Reading to [org.springframework.cloud.netflix.eureka.http.EurekaApplications]
08/08/2024 22:12:50 - HTTP GET http://localhost:8070/eureka/apps/delta
08/08/2024 22:12:50 - HTTP PUT http://localhost:8070/eureka/apps/CATALOG/LTAK285336.mercador.local:catalog:8082?status=UP&lastDirtyTimestamp=1723165339426
08/08/2024 22:12:50 - Accept=[application/json, application/*+json]
08/08/2024 22:12:50 - Accept=[application/json, application/*+json]
08/08/2024 22:12:50 - Response 200 OK
08/08/2024 22:12:50 - Response 200 OK
08/08/2024 22:12:50 - Reading to [org.springframework.cloud.netflix.eureka.http.EurekaApplications]
08/08/2024 22:13:20 - HTTP GET http://localhost:8070/eureka/apps/delta
08/08/2024 22:13:20 - HTTP PUT http://localhost:8070/eureka/apps/CATALOG/LTAK285336.mercador.local:catalog:8082?status=UP&lastDirtyTimestamp=1723165339426
08/08/2024 22:13:20 - Accept=[application/json, application/*+json]
08/08/2024 22:13:20 - Accept=[application/json, application/*+json]
08/08/2024 22:13:20 - Response 200 OK
08/08/2024 22:13:20 - Response 200 OK
08/08/2024 22:13:20 - Reading to [org.springframework.cloud.netflix.eureka.http.EurekaApplications]
08/08/2024 22:13:50 - HTTP GET http://localhost:8070/eureka/apps/delta
08/08/2024 22:13:50 - HTTP PUT http://localhost:8070/eureka/apps/CATALOG/LTAK285336.mercador.local:catalog:8082?status=UP&lastDirtyTimestamp=1723165339426
08/08/2024 22:13:50 - Accept=[application/json, application/*+json]
08/08/2024 22:13:50 - Accept=[application/json, application/*+json]
08/08/2024 22:13:50 - Response 200 OK
08/08/2024 22:13:50 - Response 200 OK
08/08/2024 22:13:50 - Reading to [org.springframework.cloud.netflix.eureka.http.EurekaApplications]
08/08/2024 22:14:20 - HTTP GET http://localhost:8070/eureka/apps/delta
08/08/2024 22:14:20 - HTTP PUT http://localhost:8070/eureka/apps/CATALOG/LTAK285336.mercador.local:catalog:8082?status=UP&lastDirtyTimestamp=1723165339426
08/08/2024 22:14:20 - Accept=[application/json, application/*+json]
08/08/2024 22:14:20 - Accept=[application/json, application/*+json]
08/08/2024 22:14:20 - Response 200 OK
08/08/2024 22:14:20 - Response 200 OK
08/08/2024 22:14:20 - Reading to [org.springframework.cloud.netflix.eureka.http.EurekaApplications]
08/08/2024 22:14:50 - HTTP GET http://localhost:8070/eureka/apps/delta
08/08/2024 22:14:50 - HTTP PUT http://localhost:8070/eureka/apps/CATALOG/LTAK285336.mercador.local:catalog:8082?status=UP&lastDirtyTimestamp=1723165339426
08/08/2024 22:14:50 - Accept=[application/json, application/*+json]
08/08/2024 22:14:50 - Accept=[application/json, application/*+json]
08/08/2024 22:14:50 - Response 200 OK
08/08/2024 22:14:50 - Response 200 OK
08/08/2024 22:14:50 - Reading to [org.springframework.cloud.netflix.eureka.http.EurekaApplications]
08/08/2024 22:15:20 - HTTP GET http://localhost:8070/eureka/apps/delta
08/08/2024 22:15:20 - HTTP PUT http://localhost:8070/eureka/apps/CATALOG/LTAK285336.mercador.local:catalog:8082?status=UP&lastDirtyTimestamp=1723165339426
08/08/2024 22:15:20 - Accept=[application/json, application/*+json]
08/08/2024 22:15:20 - Accept=[application/json, application/*+json]
08/08/2024 22:15:20 - Response 200 OK
08/08/2024 22:15:20 - Response 200 OK
08/08/2024 22:15:20 - Reading to [org.springframework.cloud.netflix.eureka.http.EurekaApplications]
08/08/2024 22:15:50 - HTTP GET http://localhost:8070/eureka/apps/delta
08/08/2024 22:15:50 - HTTP PUT http://localhost:8070/eureka/apps/CATALOG/LTAK285336.mercador.local:catalog:8082?status=UP&lastDirtyTimestamp=1723165339426
08/08/2024 22:15:50 - Accept=[application/json, application/*+json]
08/08/2024 22:15:50 - Accept=[application/json, application/*+json]
08/08/2024 22:15:50 - Response 200 OK
08/08/2024 22:15:50 - Response 200 OK
08/08/2024 22:15:50 - Reading to [org.springframework.cloud.netflix.eureka.http.EurekaApplications]
08/08/2024 22:16:20 - HTTP GET http://localhost:8070/eureka/apps/delta
08/08/2024 22:16:20 - HTTP PUT http://localhost:8070/eureka/apps/CATALOG/LTAK285336.mercador.local:catalog:8082?status=UP&lastDirtyTimestamp=1723165339426
08/08/2024 22:16:20 - Accept=[application/json, application/*+json]
08/08/2024 22:16:20 - Accept=[application/json, application/*+json]
08/08/2024 22:16:20 - Response 200 OK
08/08/2024 22:16:20 - Response 200 OK
08/08/2024 22:16:20 - Reading to [org.springframework.cloud.netflix.eureka.http.EurekaApplications]
08/08/2024 22:16:50 - HTTP GET http://localhost:8070/eureka/apps/delta
08/08/2024 22:16:50 - HTTP PUT http://localhost:8070/eureka/apps/CATALOG/LTAK285336.mercador.local:catalog:8082?status=UP&lastDirtyTimestamp=1723165339426
08/08/2024 22:16:50 - Accept=[application/json, application/*+json]
08/08/2024 22:16:50 - Accept=[application/json, application/*+json]
08/08/2024 22:16:50 - Response 200 OK
08/08/2024 22:16:50 - Response 200 OK
08/08/2024 22:16:50 - Reading to [org.springframework.cloud.netflix.eureka.http.EurekaApplications]
08/08/2024 22:17:18 - Resolving eureka endpoints via configuration
08/08/2024 22:17:20 - HTTP GET http://localhost:8070/eureka/apps/delta
08/08/2024 22:17:20 - HTTP PUT http://localhost:8070/eureka/apps/CATALOG/LTAK285336.mercador.local:catalog:8082?status=UP&lastDirtyTimestamp=1723165339426
08/08/2024 22:17:20 - Accept=[application/json, application/*+json]
08/08/2024 22:17:20 - Accept=[application/json, application/*+json]
08/08/2024 22:17:20 - Response 200 OK
08/08/2024 22:17:20 - Response 200 OK
08/08/2024 22:17:20 - Reading to [org.springframework.cloud.netflix.eureka.http.EurekaApplications]
08/08/2024 22:17:50 - HTTP GET http://localhost:8070/eureka/apps/delta
08/08/2024 22:17:50 - Accept=[application/json, application/*+json]
08/08/2024 22:17:50 - Response 200 OK
08/08/2024 22:17:50 - Reading to [org.springframework.cloud.netflix.eureka.http.EurekaApplications]
08/08/2024 22:17:50 - HTTP PUT http://localhost:8070/eureka/apps/CATALOG/LTAK285336.mercador.local:catalog:8082?status=UP&lastDirtyTimestamp=1723165339426
08/08/2024 22:17:50 - Accept=[application/json, application/*+json]
08/08/2024 22:17:50 - Response 200 OK
08/08/2024 22:18:20 - HTTP GET http://localhost:8070/eureka/apps/delta
08/08/2024 22:18:20 - Accept=[application/json, application/*+json]
08/08/2024 22:18:20 - Response 200 OK
08/08/2024 22:18:20 - Reading to [org.springframework.cloud.netflix.eureka.http.EurekaApplications]
08/08/2024 22:18:20 - HTTP PUT http://localhost:8070/eureka/apps/CATALOG/LTAK285336.mercador.local:catalog:8082?status=UP&lastDirtyTimestamp=1723165339426
08/08/2024 22:18:20 - Accept=[application/json, application/*+json]
08/08/2024 22:18:20 - Response 200 OK
08/08/2024 22:18:50 - HTTP GET http://localhost:8070/eureka/apps/delta
08/08/2024 22:18:50 - HTTP PUT http://localhost:8070/eureka/apps/CATALOG/LTAK285336.mercador.local:catalog:8082?status=UP&lastDirtyTimestamp=1723165339426
08/08/2024 22:18:50 - Accept=[application/json, application/*+json]
08/08/2024 22:18:50 - Accept=[application/json, application/*+json]
08/08/2024 22:18:50 - Response 200 OK
08/08/2024 22:18:50 - Response 200 OK
08/08/2024 22:18:50 - Reading to [org.springframework.cloud.netflix.eureka.http.EurekaApplications]
08/08/2024 22:19:20 - HTTP GET http://localhost:8070/eureka/apps/delta
08/08/2024 22:19:20 - HTTP PUT http://localhost:8070/eureka/apps/CATALOG/LTAK285336.mercador.local:catalog:8082?status=UP&lastDirtyTimestamp=1723165339426
08/08/2024 22:19:20 - Accept=[application/json, application/*+json]
08/08/2024 22:19:20 - Accept=[application/json, application/*+json]
08/08/2024 22:19:20 - Response 200 OK
08/08/2024 22:19:20 - Reading to [org.springframework.cloud.netflix.eureka.http.EurekaApplications]
08/08/2024 22:19:20 - Response 200 OK
08/08/2024 22:19:50 - HTTP GET http://localhost:8070/eureka/apps/delta
08/08/2024 22:19:50 - HTTP PUT http://localhost:8070/eureka/apps/CATALOG/LTAK285336.mercador.local:catalog:8082?status=UP&lastDirtyTimestamp=1723165339426
08/08/2024 22:19:50 - Accept=[application/json, application/*+json]
08/08/2024 22:19:50 - Accept=[application/json, application/*+json]
08/08/2024 22:19:50 - Response 200 OK
08/08/2024 22:19:50 - Response 200 OK
08/08/2024 22:19:50 - Reading to [org.springframework.cloud.netflix.eureka.http.EurekaApplications]
08/08/2024 22:20:20 - HTTP GET http://localhost:8070/eureka/apps/delta
08/08/2024 22:20:20 - HTTP PUT http://localhost:8070/eureka/apps/CATALOG/LTAK285336.mercador.local:catalog:8082?status=UP&lastDirtyTimestamp=1723165339426
08/08/2024 22:20:20 - Accept=[application/json, application/*+json]
08/08/2024 22:20:20 - Accept=[application/json, application/*+json]
08/08/2024 22:20:20 - Response 200 OK
08/08/2024 22:20:20 - Response 200 OK
08/08/2024 22:20:20 - Reading to [org.springframework.cloud.netflix.eureka.http.EurekaApplications]
08/08/2024 22:20:50 - HTTP PUT http://localhost:8070/eureka/apps/CATALOG/LTAK285336.mercador.local:catalog:8082?status=UP&lastDirtyTimestamp=1723165339426
08/08/2024 22:20:50 - HTTP GET http://localhost:8070/eureka/apps/delta
08/08/2024 22:20:50 - Accept=[application/json, application/*+json]
08/08/2024 22:20:50 - Accept=[application/json, application/*+json]
08/08/2024 22:20:50 - Response 200 OK
08/08/2024 22:20:50 - Response 200 OK
08/08/2024 22:20:50 - Reading to [org.springframework.cloud.netflix.eureka.http.EurekaApplications]
08/08/2024 22:21:20 - HTTP PUT http://localhost:8070/eureka/apps/CATALOG/LTAK285336.mercador.local:catalog:8082?status=UP&lastDirtyTimestamp=1723165339426
08/08/2024 22:21:20 - HTTP GET http://localhost:8070/eureka/apps/delta
08/08/2024 22:21:20 - Accept=[application/json, application/*+json]
08/08/2024 22:21:20 - Accept=[application/json, application/*+json]
08/08/2024 22:21:20 - Response 200 OK
08/08/2024 22:21:20 - Response 200 OK
08/08/2024 22:21:20 - Reading to [org.springframework.cloud.netflix.eureka.http.EurekaApplications]
08/08/2024 22:21:50 - HTTP GET http://localhost:8070/eureka/apps/delta
08/08/2024 22:21:50 - HTTP PUT http://localhost:8070/eureka/apps/CATALOG/LTAK285336.mercador.local:catalog:8082?status=UP&lastDirtyTimestamp=1723165339426
08/08/2024 22:21:50 - Accept=[application/json, application/*+json]
08/08/2024 22:21:50 - Accept=[application/json, application/*+json]
08/08/2024 22:21:50 - Response 200 OK
08/08/2024 22:21:50 - Response 200 OK
08/08/2024 22:21:50 - Reading to [org.springframework.cloud.netflix.eureka.http.EurekaApplications]
08/08/2024 22:22:18 - Resolving eureka endpoints via configuration
08/08/2024 22:22:20 - HTTP GET http://localhost:8070/eureka/apps/delta
08/08/2024 22:22:20 - HTTP PUT http://localhost:8070/eureka/apps/CATALOG/LTAK285336.mercador.local:catalog:8082?status=UP&lastDirtyTimestamp=1723165339426
08/08/2024 22:22:20 - Accept=[application/json, application/*+json]
08/08/2024 22:22:20 - Accept=[application/json, application/*+json]
08/08/2024 22:22:20 - Response 200 OK
08/08/2024 22:22:20 - Response 200 OK
08/08/2024 22:22:20 - Reading to [org.springframework.cloud.netflix.eureka.http.EurekaApplications]
08/08/2024 22:22:50 - HTTP PUT http://localhost:8070/eureka/apps/CATALOG/LTAK285336.mercador.local:catalog:8082?status=UP&lastDirtyTimestamp=1723165339426
08/08/2024 22:22:50 - Accept=[application/json, application/*+json]
08/08/2024 22:22:50 - HTTP GET http://localhost:8070/eureka/apps/delta
08/08/2024 22:22:50 - Accept=[application/json, application/*+json]
08/08/2024 22:22:50 - Response 200 OK
08/08/2024 22:22:50 - Reading to [org.springframework.cloud.netflix.eureka.http.EurekaApplications]
08/08/2024 22:22:50 - Response 200 OK
08/08/2024 22:23:20 - HTTP GET http://localhost:8070/eureka/apps/delta
08/08/2024 22:23:20 - HTTP PUT http://localhost:8070/eureka/apps/CATALOG/LTAK285336.mercador.local:catalog:8082?status=UP&lastDirtyTimestamp=1723165339426
08/08/2024 22:23:20 - Accept=[application/json, application/*+json]
08/08/2024 22:23:20 - Accept=[application/json, application/*+json]
08/08/2024 22:23:20 - Response 200 OK
08/08/2024 22:23:20 - Reading to [org.springframework.cloud.netflix.eureka.http.EurekaApplications]
08/08/2024 22:23:20 - Response 200 OK
08/08/2024 22:23:50 - HTTP GET http://localhost:8070/eureka/apps/delta
08/08/2024 22:23:50 - HTTP PUT http://localhost:8070/eureka/apps/CATALOG/LTAK285336.mercador.local:catalog:8082?status=UP&lastDirtyTimestamp=1723165339426
08/08/2024 22:23:50 - Accept=[application/json, application/*+json]
08/08/2024 22:23:50 - Accept=[application/json, application/*+json]
08/08/2024 22:23:50 - Response 200 OK
08/08/2024 22:23:50 - Response 200 OK
08/08/2024 22:23:50 - Reading to [org.springframework.cloud.netflix.eureka.http.EurekaApplications]
08/08/2024 22:24:20 - HTTP PUT http://localhost:8070/eureka/apps/CATALOG/LTAK285336.mercador.local:catalog:8082?status=UP&lastDirtyTimestamp=1723165339426
08/08/2024 22:24:20 - Accept=[application/json, application/*+json]
08/08/2024 22:24:20 - HTTP GET http://localhost:8070/eureka/apps/delta
08/08/2024 22:24:20 - Accept=[application/json, application/*+json]
08/08/2024 22:24:20 - Response 200 OK
08/08/2024 22:24:20 - Response 200 OK
08/08/2024 22:24:20 - Reading to [org.springframework.cloud.netflix.eureka.http.EurekaApplications]
08/08/2024 22:24:50 - HTTP PUT http://localhost:8070/eureka/apps/CATALOG/LTAK285336.mercador.local:catalog:8082?status=UP&lastDirtyTimestamp=1723165339426
08/08/2024 22:24:50 - Accept=[application/json, application/*+json]
08/08/2024 22:24:50 - HTTP GET http://localhost:8070/eureka/apps/delta
08/08/2024 22:24:50 - Accept=[application/json, application/*+json]
08/08/2024 22:24:50 - Response 200 OK
08/08/2024 22:24:50 - Response 200 OK
08/08/2024 22:24:50 - Reading to [org.springframework.cloud.netflix.eureka.http.EurekaApplications]
08/08/2024 22:25:20 - HTTP PUT http://localhost:8070/eureka/apps/CATALOG/LTAK285336.mercador.local:catalog:8082?status=UP&lastDirtyTimestamp=1723165339426
08/08/2024 22:25:20 - Accept=[application/json, application/*+json]
08/08/2024 22:25:20 - HTTP GET http://localhost:8070/eureka/apps/delta
08/08/2024 22:25:20 - Accept=[application/json, application/*+json]
08/08/2024 22:25:20 - Response 200 OK
08/08/2024 22:25:20 - Response 200 OK
08/08/2024 22:25:20 - Reading to [org.springframework.cloud.netflix.eureka.http.EurekaApplications]
08/08/2024 22:25:50 - HTTP PUT http://localhost:8070/eureka/apps/CATALOG/LTAK285336.mercador.local:catalog:8082?status=UP&lastDirtyTimestamp=1723165339426
08/08/2024 22:25:50 - Accept=[application/json, application/*+json]
08/08/2024 22:25:50 - HTTP GET http://localhost:8070/eureka/apps/delta
08/08/2024 22:25:50 - Accept=[application/json, application/*+json]
08/08/2024 22:25:50 - Response 200 OK
08/08/2024 22:25:51 - Response 200 OK
08/08/2024 22:25:51 - Reading to [org.springframework.cloud.netflix.eureka.http.EurekaApplications]
08/08/2024 22:26:20 - HTTP PUT http://localhost:8070/eureka/apps/CATALOG/LTAK285336.mercador.local:catalog:8082?status=UP&lastDirtyTimestamp=1723165339426
08/08/2024 22:26:20 - Accept=[application/json, application/*+json]
08/08/2024 22:26:21 - Response 200 OK
08/08/2024 22:26:21 - HTTP GET http://localhost:8070/eureka/apps/delta
08/08/2024 22:26:21 - Accept=[application/json, application/*+json]
08/08/2024 22:26:21 - Response 200 OK
08/08/2024 22:26:21 - Reading to [org.springframework.cloud.netflix.eureka.http.EurekaApplications]
08/08/2024 22:26:51 - HTTP PUT http://localhost:8070/eureka/apps/CATALOG/LTAK285336.mercador.local:catalog:8082?status=UP&lastDirtyTimestamp=1723165339426
08/08/2024 22:26:51 - Accept=[application/json, application/*+json]
08/08/2024 22:26:51 - Response 200 OK
08/08/2024 22:26:51 - HTTP GET http://localhost:8070/eureka/apps/delta
08/08/2024 22:26:51 - Accept=[application/json, application/*+json]
08/08/2024 22:26:51 - Response 200 OK
08/08/2024 22:26:51 - Reading to [org.springframework.cloud.netflix.eureka.http.EurekaApplications]
08/08/2024 22:27:18 - Resolving eureka endpoints via configuration
08/08/2024 22:27:21 - HTTP PUT http://localhost:8070/eureka/apps/CATALOG/LTAK285336.mercador.local:catalog:8082?status=UP&lastDirtyTimestamp=1723165339426
08/08/2024 22:27:21 - Accept=[application/json, application/*+json]
08/08/2024 22:27:21 - Response 200 OK
08/08/2024 22:27:21 - HTTP GET http://localhost:8070/eureka/apps/delta
08/08/2024 22:27:21 - Accept=[application/json, application/*+json]
08/08/2024 22:27:21 - Response 200 OK
08/08/2024 22:27:21 - Reading to [org.springframework.cloud.netflix.eureka.http.EurekaApplications]
08/08/2024 22:27:51 - HTTP PUT http://localhost:8070/eureka/apps/CATALOG/LTAK285336.mercador.local:catalog:8082?status=UP&lastDirtyTimestamp=1723165339426
08/08/2024 22:27:51 - Accept=[application/json, application/*+json]
08/08/2024 22:27:51 - HTTP GET http://localhost:8070/eureka/apps/delta
08/08/2024 22:27:51 - Accept=[application/json, application/*+json]
08/08/2024 22:27:51 - Response 200 OK
08/08/2024 22:27:51 - Response 200 OK
08/08/2024 22:27:51 - Reading to [org.springframework.cloud.netflix.eureka.http.EurekaApplications]
08/08/2024 22:28:21 - HTTP PUT http://localhost:8070/eureka/apps/CATALOG/LTAK285336.mercador.local:catalog:8082?status=UP&lastDirtyTimestamp=1723165339426
08/08/2024 22:28:21 - Accept=[application/json, application/*+json]
08/08/2024 22:28:21 - HTTP GET http://localhost:8070/eureka/apps/delta
08/08/2024 22:28:21 - Accept=[application/json, application/*+json]
08/08/2024 22:28:21 - Response 200 OK
08/08/2024 22:28:21 - Response 200 OK
08/08/2024 22:28:21 - Reading to [org.springframework.cloud.netflix.eureka.http.EurekaApplications]
08/08/2024 22:28:51 - HTTP PUT http://localhost:8070/eureka/apps/CATALOG/LTAK285336.mercador.local:catalog:8082?status=UP&lastDirtyTimestamp=1723165339426
08/08/2024 22:28:51 - Accept=[application/json, application/*+json]
08/08/2024 22:28:51 - HTTP GET http://localhost:8070/eureka/apps/delta
08/08/2024 22:28:51 - Accept=[application/json, application/*+json]
08/08/2024 22:28:51 - Response 200 OK
08/08/2024 22:28:51 - Response 200 OK
08/08/2024 22:28:51 - Reading to [org.springframework.cloud.netflix.eureka.http.EurekaApplications]
08/08/2024 22:29:21 - HTTP PUT http://localhost:8070/eureka/apps/CATALOG/LTAK285336.mercador.local:catalog:8082?status=UP&lastDirtyTimestamp=1723165339426
08/08/2024 22:29:21 - Accept=[application/json, application/*+json]
08/08/2024 22:29:21 - HTTP GET http://localhost:8070/eureka/apps/delta
08/08/2024 22:29:21 - Accept=[application/json, application/*+json]
08/08/2024 22:29:21 - Response 200 OK
08/08/2024 22:29:21 - Response 200 OK
08/08/2024 22:29:21 - Reading to [org.springframework.cloud.netflix.eureka.http.EurekaApplications]
08/08/2024 22:29:51 - HTTP PUT http://localhost:8070/eureka/apps/CATALOG/LTAK285336.mercador.local:catalog:8082?status=UP&lastDirtyTimestamp=1723165339426
08/08/2024 22:29:51 - Accept=[application/json, application/*+json]
08/08/2024 22:29:51 - HTTP GET http://localhost:8070/eureka/apps/delta
08/08/2024 22:29:51 - Accept=[application/json, application/*+json]
08/08/2024 22:29:51 - Response 200 OK
08/08/2024 22:29:51 - Response 200 OK
08/08/2024 22:29:51 - Reading to [org.springframework.cloud.netflix.eureka.http.EurekaApplications]
08/08/2024 22:30:21 - HTTP GET http://localhost:8070/eureka/apps/delta
08/08/2024 22:30:21 - Accept=[application/json, application/*+json]
08/08/2024 22:30:21 - HTTP PUT http://localhost:8070/eureka/apps/CATALOG/LTAK285336.mercador.local:catalog:8082?status=UP&lastDirtyTimestamp=1723165339426
08/08/2024 22:30:21 - Accept=[application/json, application/*+json]
08/08/2024 22:30:21 - Response 200 OK
08/08/2024 22:30:21 - Reading to [org.springframework.cloud.netflix.eureka.http.EurekaApplications]
08/08/2024 22:30:21 - Response 200 OK
08/08/2024 22:30:51 - HTTP GET http://localhost:8070/eureka/apps/delta
08/08/2024 22:30:51 - Accept=[application/json, application/*+json]
08/08/2024 22:30:51 - HTTP PUT http://localhost:8070/eureka/apps/CATALOG/LTAK285336.mercador.local:catalog:8082?status=UP&lastDirtyTimestamp=1723165339426
08/08/2024 22:30:51 - Accept=[application/json, application/*+json]
08/08/2024 22:30:51 - Response 200 OK
08/08/2024 22:30:51 - Reading to [org.springframework.cloud.netflix.eureka.http.EurekaApplications]
08/08/2024 22:30:51 - Response 200 OK
08/08/2024 22:31:21 - HTTP GET http://localhost:8070/eureka/apps/delta
08/08/2024 22:31:21 - Accept=[application/json, application/*+json]
08/08/2024 22:31:21 - HTTP PUT http://localhost:8070/eureka/apps/CATALOG/LTAK285336.mercador.local:catalog:8082?status=UP&lastDirtyTimestamp=1723165339426
08/08/2024 22:31:21 - Accept=[application/json, application/*+json]
08/08/2024 22:31:21 - Response 200 OK
08/08/2024 22:31:21 - Reading to [org.springframework.cloud.netflix.eureka.http.EurekaApplications]
08/08/2024 22:31:21 - Response 200 OK
08/08/2024 22:31:51 - HTTP GET http://localhost:8070/eureka/apps/delta
08/08/2024 22:31:51 - Accept=[application/json, application/*+json]
08/08/2024 22:31:51 - HTTP PUT http://localhost:8070/eureka/apps/CATALOG/LTAK285336.mercador.local:catalog:8082?status=UP&lastDirtyTimestamp=1723165339426
08/08/2024 22:31:51 - Accept=[application/json, application/*+json]
08/08/2024 22:31:51 - Response 200 OK
08/08/2024 22:31:51 - Reading to [org.springframework.cloud.netflix.eureka.http.EurekaApplications]
08/08/2024 22:31:51 - Response 200 OK
08/08/2024 22:32:18 - Resolving eureka endpoints via configuration
08/08/2024 22:32:21 - HTTP GET http://localhost:8070/eureka/apps/delta
08/08/2024 22:32:21 - HTTP PUT http://localhost:8070/eureka/apps/CATALOG/LTAK285336.mercador.local:catalog:8082?status=UP&lastDirtyTimestamp=1723165339426
08/08/2024 22:32:21 - Accept=[application/json, application/*+json]
08/08/2024 22:32:21 - Accept=[application/json, application/*+json]
08/08/2024 22:32:21 - Response 200 OK
08/08/2024 22:32:21 - Response 200 OK
08/08/2024 22:32:21 - Reading to [org.springframework.cloud.netflix.eureka.http.EurekaApplications]
08/08/2024 22:32:51 - HTTP GET http://localhost:8070/eureka/apps/delta
08/08/2024 22:32:51 - HTTP PUT http://localhost:8070/eureka/apps/CATALOG/LTAK285336.mercador.local:catalog:8082?status=UP&lastDirtyTimestamp=1723165339426
08/08/2024 22:32:51 - Accept=[application/json, application/*+json]
08/08/2024 22:32:51 - Accept=[application/json, application/*+json]
08/08/2024 22:32:51 - Response 200 OK
08/08/2024 22:32:51 - Response 200 OK
08/08/2024 22:32:51 - Reading to [org.springframework.cloud.netflix.eureka.http.EurekaApplications]
08/08/2024 22:33:21 - HTTP GET http://localhost:8070/eureka/apps/delta
08/08/2024 22:33:21 - HTTP PUT http://localhost:8070/eureka/apps/CATALOG/LTAK285336.mercador.local:catalog:8082?status=UP&lastDirtyTimestamp=1723165339426
08/08/2024 22:33:21 - Accept=[application/json, application/*+json]
08/08/2024 22:33:21 - Accept=[application/json, application/*+json]
08/08/2024 22:33:21 - Response 200 OK
08/08/2024 22:33:21 - Response 200 OK
08/08/2024 22:33:21 - Reading to [org.springframework.cloud.netflix.eureka.http.EurekaApplications]
08/08/2024 22:33:51 - HTTP GET http://localhost:8070/eureka/apps/delta
08/08/2024 22:33:51 - HTTP PUT http://localhost:8070/eureka/apps/CATALOG/LTAK285336.mercador.local:catalog:8082?status=UP&lastDirtyTimestamp=1723165339426
08/08/2024 22:33:51 - Accept=[application/json, application/*+json]
08/08/2024 22:33:51 - Accept=[application/json, application/*+json]
08/08/2024 22:33:51 - Response 200 OK
08/08/2024 22:33:51 - Response 200 OK
08/08/2024 22:33:51 - Reading to [org.springframework.cloud.netflix.eureka.http.EurekaApplications]
08/08/2024 22:34:21 - HTTP GET http://localhost:8070/eureka/apps/delta
08/08/2024 22:34:21 - Accept=[application/json, application/*+json]
08/08/2024 22:34:21 - HTTP PUT http://localhost:8070/eureka/apps/CATALOG/LTAK285336.mercador.local:catalog:8082?status=UP&lastDirtyTimestamp=1723165339426
08/08/2024 22:34:21 - Accept=[application/json, application/*+json]
08/08/2024 22:34:21 - Response 200 OK
08/08/2024 22:34:21 - Reading to [org.springframework.cloud.netflix.eureka.http.EurekaApplications]
08/08/2024 22:34:21 - Response 200 OK
08/08/2024 22:34:51 - HTTP PUT http://localhost:8070/eureka/apps/CATALOG/LTAK285336.mercador.local:catalog:8082?status=UP&lastDirtyTimestamp=1723165339426
08/08/2024 22:34:51 - Accept=[application/json, application/*+json]
08/08/2024 22:34:51 - HTTP GET http://localhost:8070/eureka/apps/delta
08/08/2024 22:34:51 - Response 200 OK
08/08/2024 22:34:51 - Accept=[application/json, application/*+json]
08/08/2024 22:34:51 - Response 200 OK
08/08/2024 22:34:51 - Reading to [org.springframework.cloud.netflix.eureka.http.EurekaApplications]
08/08/2024 22:35:21 - HTTP PUT http://localhost:8070/eureka/apps/CATALOG/LTAK285336.mercador.local:catalog:8082?status=UP&lastDirtyTimestamp=1723165339426
08/08/2024 22:35:21 - Accept=[application/json, application/*+json]
08/08/2024 22:35:21 - Response 200 OK
08/08/2024 22:35:21 - HTTP GET http://localhost:8070/eureka/apps/delta
08/08/2024 22:35:21 - Accept=[application/json, application/*+json]
08/08/2024 22:35:21 - Response 200 OK
08/08/2024 22:35:21 - Reading to [org.springframework.cloud.netflix.eureka.http.EurekaApplications]
08/08/2024 22:35:51 - HTTP PUT http://localhost:8070/eureka/apps/CATALOG/LTAK285336.mercador.local:catalog:8082?status=UP&lastDirtyTimestamp=1723165339426
08/08/2024 22:35:51 - Accept=[application/json, application/*+json]
08/08/2024 22:35:51 - Response 200 OK
08/08/2024 22:35:51 - HTTP GET http://localhost:8070/eureka/apps/delta
08/08/2024 22:35:51 - Accept=[application/json, application/*+json]
08/08/2024 22:35:51 - Response 200 OK
08/08/2024 22:35:51 - Reading to [org.springframework.cloud.netflix.eureka.http.EurekaApplications]
08/08/2024 22:36:21 - HTTP PUT http://localhost:8070/eureka/apps/CATALOG/LTAK285336.mercador.local:catalog:8082?status=UP&lastDirtyTimestamp=1723165339426
08/08/2024 22:36:21 - Accept=[application/json, application/*+json]
08/08/2024 22:36:21 - Response 200 OK
08/08/2024 22:36:21 - HTTP GET http://localhost:8070/eureka/apps/delta
08/08/2024 22:36:21 - Accept=[application/json, application/*+json]
08/08/2024 22:36:21 - Response 200 OK
08/08/2024 22:36:21 - Reading to [org.springframework.cloud.netflix.eureka.http.EurekaApplications]
08/08/2024 22:36:51 - HTTP PUT http://localhost:8070/eureka/apps/CATALOG/LTAK285336.mercador.local:catalog:8082?status=UP&lastDirtyTimestamp=1723165339426
08/08/2024 22:36:51 - Accept=[application/json, application/*+json]
08/08/2024 22:36:51 - HTTP GET http://localhost:8070/eureka/apps/delta
08/08/2024 22:36:51 - Accept=[application/json, application/*+json]
08/08/2024 22:36:51 - Response 200 OK
08/08/2024 22:36:51 - Response 200 OK
08/08/2024 22:36:51 - Reading to [org.springframework.cloud.netflix.eureka.http.EurekaApplications]
08/08/2024 22:37:18 - Resolving eureka endpoints via configuration
08/08/2024 22:37:21 - HTTP PUT http://localhost:8070/eureka/apps/CATALOG/LTAK285336.mercador.local:catalog:8082?status=UP&lastDirtyTimestamp=1723165339426
08/08/2024 22:37:21 - Accept=[application/json, application/*+json]
08/08/2024 22:37:21 - Response 200 OK
08/08/2024 22:37:21 - HTTP GET http://localhost:8070/eureka/apps/delta
08/08/2024 22:37:21 - Accept=[application/json, application/*+json]
08/08/2024 22:37:21 - Response 200 OK
08/08/2024 22:37:21 - Reading to [org.springframework.cloud.netflix.eureka.http.EurekaApplications]
08/08/2024 22:37:51 - HTTP PUT http://localhost:8070/eureka/apps/CATALOG/LTAK285336.mercador.local:catalog:8082?status=UP&lastDirtyTimestamp=1723165339426
08/08/2024 22:37:51 - Accept=[application/json, application/*+json]
08/08/2024 22:37:51 - Response 200 OK
08/08/2024 22:37:51 - HTTP GET http://localhost:8070/eureka/apps/delta
08/08/2024 22:37:51 - Accept=[application/json, application/*+json]
08/08/2024 22:37:51 - Response 200 OK
08/08/2024 22:37:51 - Reading to [org.springframework.cloud.netflix.eureka.http.EurekaApplications]
08/08/2024 22:38:21 - HTTP PUT http://localhost:8070/eureka/apps/CATALOG/LTAK285336.mercador.local:catalog:8082?status=UP&lastDirtyTimestamp=1723165339426
08/08/2024 22:38:21 - Accept=[application/json, application/*+json]
08/08/2024 22:38:21 - HTTP GET http://localhost:8070/eureka/apps/delta
08/08/2024 22:38:21 - Accept=[application/json, application/*+json]
08/08/2024 22:38:21 - Response 200 OK
08/08/2024 22:38:21 - Response 200 OK
08/08/2024 22:38:21 - Reading to [org.springframework.cloud.netflix.eureka.http.EurekaApplications]
08/08/2024 22:38:51 - HTTP PUT http://localhost:8070/eureka/apps/CATALOG/LTAK285336.mercador.local:catalog:8082?status=UP&lastDirtyTimestamp=1723165339426
08/08/2024 22:38:51 - Accept=[application/json, application/*+json]
08/08/2024 22:38:51 - HTTP GET http://localhost:8070/eureka/apps/delta
08/08/2024 22:38:51 - Accept=[application/json, application/*+json]
08/08/2024 22:38:51 - Response 200 OK
08/08/2024 22:38:51 - Response 200 OK
08/08/2024 22:38:51 - Reading to [org.springframework.cloud.netflix.eureka.http.EurekaApplications]
08/08/2024 22:39:21 - HTTP PUT http://localhost:8070/eureka/apps/CATALOG/LTAK285336.mercador.local:catalog:8082?status=UP&lastDirtyTimestamp=1723165339426
08/08/2024 22:39:21 - Accept=[application/json, application/*+json]
08/08/2024 22:39:21 - Response 200 OK
08/08/2024 22:39:21 - HTTP GET http://localhost:8070/eureka/apps/delta
08/08/2024 22:39:21 - Accept=[application/json, application/*+json]
08/08/2024 22:39:21 - Response 200 OK
08/08/2024 22:39:21 - Reading to [org.springframework.cloud.netflix.eureka.http.EurekaApplications]
08/08/2024 22:39:51 - HTTP PUT http://localhost:8070/eureka/apps/CATALOG/LTAK285336.mercador.local:catalog:8082?status=UP&lastDirtyTimestamp=1723165339426
08/08/2024 22:39:51 - Accept=[application/json, application/*+json]
08/08/2024 22:39:51 - HTTP GET http://localhost:8070/eureka/apps/delta
08/08/2024 22:39:51 - Accept=[application/json, application/*+json]
08/08/2024 22:39:51 - Response 200 OK
08/08/2024 22:39:51 - Response 200 OK
08/08/2024 22:39:51 - Reading to [org.springframework.cloud.netflix.eureka.http.EurekaApplications]
08/08/2024 22:40:21 - HTTP PUT http://localhost:8070/eureka/apps/CATALOG/LTAK285336.mercador.local:catalog:8082?status=UP&lastDirtyTimestamp=1723165339426
08/08/2024 22:40:21 - Accept=[application/json, application/*+json]
08/08/2024 22:40:21 - Response 200 OK
08/08/2024 22:40:21 - HTTP GET http://localhost:8070/eureka/apps/delta
08/08/2024 22:40:21 - Accept=[application/json, application/*+json]
08/08/2024 22:40:21 - Response 200 OK
08/08/2024 22:40:21 - Reading to [org.springframework.cloud.netflix.eureka.http.EurekaApplications]
08/08/2024 22:40:51 - HTTP PUT http://localhost:8070/eureka/apps/CATALOG/LTAK285336.mercador.local:catalog:8082?status=UP&lastDirtyTimestamp=1723165339426
08/08/2024 22:40:51 - Accept=[application/json, application/*+json]
08/08/2024 22:40:51 - HTTP GET http://localhost:8070/eureka/apps/delta
08/08/2024 22:40:51 - Accept=[application/json, application/*+json]
08/08/2024 22:40:51 - Response 200 OK
08/08/2024 22:40:52 - Response 200 OK
08/08/2024 22:40:52 - Reading to [org.springframework.cloud.netflix.eureka.http.EurekaApplications]
08/08/2024 22:41:22 - HTTP GET http://localhost:8070/eureka/apps/delta
08/08/2024 22:41:22 - HTTP PUT http://localhost:8070/eureka/apps/CATALOG/LTAK285336.mercador.local:catalog:8082?status=UP&lastDirtyTimestamp=1723165339426
08/08/2024 22:41:22 - Accept=[application/json, application/*+json]
08/08/2024 22:41:22 - Accept=[application/json, application/*+json]
08/08/2024 22:41:22 - Response 200 OK
08/08/2024 22:41:22 - Response 200 OK
08/08/2024 22:41:22 - Reading to [org.springframework.cloud.netflix.eureka.http.EurekaApplications]
08/08/2024 22:41:52 - HTTP GET http://localhost:8070/eureka/apps/delta
08/08/2024 22:41:52 - HTTP PUT http://localhost:8070/eureka/apps/CATALOG/LTAK285336.mercador.local:catalog:8082?status=UP&lastDirtyTimestamp=1723165339426
08/08/2024 22:41:52 - Accept=[application/json, application/*+json]
08/08/2024 22:41:52 - Accept=[application/json, application/*+json]
08/08/2024 22:41:52 - Response 200 OK
08/08/2024 22:41:52 - Response 200 OK
08/08/2024 22:41:52 - Reading to [org.springframework.cloud.netflix.eureka.http.EurekaApplications]
08/08/2024 22:42:18 - Resolving eureka endpoints via configuration
08/08/2024 22:42:22 - HTTP GET http://localhost:8070/eureka/apps/delta
08/08/2024 22:42:22 - HTTP PUT http://localhost:8070/eureka/apps/CATALOG/LTAK285336.mercador.local:catalog:8082?status=UP&lastDirtyTimestamp=1723165339426
08/08/2024 22:42:22 - Accept=[application/json, application/*+json]
08/08/2024 22:42:22 - Accept=[application/json, application/*+json]
08/08/2024 22:42:22 - Response 200 OK
08/08/2024 22:42:22 - Response 200 OK
08/08/2024 22:42:22 - Reading to [org.springframework.cloud.netflix.eureka.http.EurekaApplications]
08/08/2024 22:42:52 - HTTP GET http://localhost:8070/eureka/apps/delta
08/08/2024 22:42:52 - HTTP PUT http://localhost:8070/eureka/apps/CATALOG/LTAK285336.mercador.local:catalog:8082?status=UP&lastDirtyTimestamp=1723165339426
08/08/2024 22:42:52 - Accept=[application/json, application/*+json]
08/08/2024 22:42:52 - Accept=[application/json, application/*+json]
08/08/2024 22:42:52 - Response 200 OK
08/08/2024 22:42:52 - Response 200 OK
08/08/2024 22:42:52 - Reading to [org.springframework.cloud.netflix.eureka.http.EurekaApplications]
08/08/2024 22:43:22 - HTTP GET http://localhost:8070/eureka/apps/delta
08/08/2024 22:43:22 - HTTP PUT http://localhost:8070/eureka/apps/CATALOG/LTAK285336.mercador.local:catalog:8082?status=UP&lastDirtyTimestamp=1723165339426
08/08/2024 22:43:22 - Accept=[application/json, application/*+json]
08/08/2024 22:43:22 - Accept=[application/json, application/*+json]
08/08/2024 22:43:22 - Response 200 OK
08/08/2024 22:43:22 - Response 200 OK
08/08/2024 22:43:22 - Reading to [org.springframework.cloud.netflix.eureka.http.EurekaApplications]
08/08/2024 22:43:52 - HTTP PUT http://localhost:8070/eureka/apps/CATALOG/LTAK285336.mercador.local:catalog:8082?status=UP&lastDirtyTimestamp=1723165339426
08/08/2024 22:43:52 - HTTP GET http://localhost:8070/eureka/apps/delta
08/08/2024 22:43:52 - Accept=[application/json, application/*+json]
08/08/2024 22:43:52 - Accept=[application/json, application/*+json]
08/08/2024 22:43:52 - Response 200 OK
08/08/2024 22:43:52 - Response 200 OK
08/08/2024 22:43:52 - Reading to [org.springframework.cloud.netflix.eureka.http.EurekaApplications]
08/08/2024 22:44:22 - HTTP PUT http://localhost:8070/eureka/apps/CATALOG/LTAK285336.mercador.local:catalog:8082?status=UP&lastDirtyTimestamp=1723165339426
08/08/2024 22:44:22 - HTTP GET http://localhost:8070/eureka/apps/delta
08/08/2024 22:44:22 - Accept=[application/json, application/*+json]
08/08/2024 22:44:22 - Accept=[application/json, application/*+json]
08/08/2024 22:44:22 - Response 200 OK
08/08/2024 22:44:22 - Reading to [org.springframework.cloud.netflix.eureka.http.EurekaApplications]
08/08/2024 22:44:22 - Response 200 OK
08/08/2024 22:44:52 - HTTP PUT http://localhost:8070/eureka/apps/CATALOG/LTAK285336.mercador.local:catalog:8082?status=UP&lastDirtyTimestamp=1723165339426
08/08/2024 22:44:52 - HTTP GET http://localhost:8070/eureka/apps/delta
08/08/2024 22:44:52 - Accept=[application/json, application/*+json]
08/08/2024 22:44:52 - Accept=[application/json, application/*+json]
08/08/2024 22:44:52 - Response 200 OK
08/08/2024 22:44:52 - Response 200 OK
08/08/2024 22:44:52 - Reading to [org.springframework.cloud.netflix.eureka.http.EurekaApplications]
08/08/2024 22:45:22 - HTTP GET http://localhost:8070/eureka/apps/delta
08/08/2024 22:45:22 - HTTP PUT http://localhost:8070/eureka/apps/CATALOG/LTAK285336.mercador.local:catalog:8082?status=UP&lastDirtyTimestamp=1723165339426
08/08/2024 22:45:22 - Accept=[application/json, application/*+json]
08/08/2024 22:45:22 - Accept=[application/json, application/*+json]
08/08/2024 22:45:22 - Response 200 OK
08/08/2024 22:45:22 - Response 200 OK
08/08/2024 22:45:22 - Reading to [org.springframework.cloud.netflix.eureka.http.EurekaApplications]
08/08/2024 22:45:52 - HTTP GET http://localhost:8070/eureka/apps/delta
08/08/2024 22:45:52 - Accept=[application/json, application/*+json]
08/08/2024 22:45:52 - HTTP PUT http://localhost:8070/eureka/apps/CATALOG/LTAK285336.mercador.local:catalog:8082?status=UP&lastDirtyTimestamp=1723165339426
08/08/2024 22:45:52 - Accept=[application/json, application/*+json]
08/08/2024 22:45:52 - Response 200 OK
08/08/2024 22:45:52 - Response 200 OK
08/08/2024 22:45:52 - Reading to [org.springframework.cloud.netflix.eureka.http.EurekaApplications]
08/08/2024 22:46:22 - HTTP GET http://localhost:8070/eureka/apps/delta
08/08/2024 22:46:22 - HTTP PUT http://localhost:8070/eureka/apps/CATALOG/LTAK285336.mercador.local:catalog:8082?status=UP&lastDirtyTimestamp=1723165339426
08/08/2024 22:46:22 - Accept=[application/json, application/*+json]
08/08/2024 22:46:22 - Accept=[application/json, application/*+json]
08/08/2024 22:46:22 - Response 200 OK
08/08/2024 22:46:22 - Response 200 OK
08/08/2024 22:46:22 - Reading to [org.springframework.cloud.netflix.eureka.http.EurekaApplications]
08/08/2024 22:46:52 - HTTP GET http://localhost:8070/eureka/apps/delta
08/08/2024 22:46:52 - HTTP PUT http://localhost:8070/eureka/apps/CATALOG/LTAK285336.mercador.local:catalog:8082?status=UP&lastDirtyTimestamp=1723165339426
08/08/2024 22:46:52 - Accept=[application/json, application/*+json]
08/08/2024 22:46:52 - Accept=[application/json, application/*+json]
08/08/2024 22:46:52 - Response 200 OK
08/08/2024 22:46:52 - Response 200 OK
08/08/2024 22:46:52 - Reading to [org.springframework.cloud.netflix.eureka.http.EurekaApplications]
08/08/2024 22:47:18 - Resolving eureka endpoints via configuration
08/08/2024 22:47:22 - HTTP PUT http://localhost:8070/eureka/apps/CATALOG/LTAK285336.mercador.local:catalog:8082?status=UP&lastDirtyTimestamp=1723165339426
08/08/2024 22:47:22 - HTTP GET http://localhost:8070/eureka/apps/delta
08/08/2024 22:47:22 - Accept=[application/json, application/*+json]
08/08/2024 22:47:22 - Accept=[application/json, application/*+json]
08/08/2024 22:47:22 - Response 200 OK
08/08/2024 22:47:22 - Response 200 OK
08/08/2024 22:47:22 - Reading to [org.springframework.cloud.netflix.eureka.http.EurekaApplications]
08/08/2024 22:47:52 - HTTP PUT http://localhost:8070/eureka/apps/CATALOG/LTAK285336.mercador.local:catalog:8082?status=UP&lastDirtyTimestamp=1723165339426
08/08/2024 22:47:52 - HTTP GET http://localhost:8070/eureka/apps/delta
08/08/2024 22:47:52 - Accept=[application/json, application/*+json]
08/08/2024 22:47:52 - Accept=[application/json, application/*+json]
08/08/2024 22:47:52 - Response 200 OK
08/08/2024 22:47:52 - Response 200 OK
08/08/2024 22:47:52 - Reading to [org.springframework.cloud.netflix.eureka.http.EurekaApplications]
